build/app/intermediates/manifest_merge_blame_file/debug/manifest-merger-blame-debug-report.txt
1<?xml version="1.0" encoding="utf-8"?>
2<manifest xmlns:android="http://schemas.android.com/apk/res/android"
3    package="com.shashi.homzy2"
4    android:versionCode="1"
5    android:versionName="1.0.0" >
6
7    <uses-sdk
8        android:minSdkVersion="21"
9        android:targetSdkVersion="33" />
10    <!--
11         The INTERNET permission is required for development. Specifically,
12         the Flutter tool needs it to communicate with the running application
13         to allow setting breakpoints, to provide hot reload, etc.
14    -->
15    <uses-permission android:name="android.permission.INTERNET" />
15-->src/debug/AndroidManifest.xml:7:5-66
15-->src/debug/AndroidManifest.xml:7:22-64
16    <uses-permission android:name="android.permission.ACCESS_FINE_LOCATION" />
16-->src/main/AndroidManifest.xml:4:5-78
16-->src/main/AndroidManifest.xml:4:22-76
17    <uses-permission android:name="android.permission.ACCESS_COARSE_LOCATION" />
17-->src/main/AndroidManifest.xml:5:5-80
17-->src/main/AndroidManifest.xml:5:22-78
18    <uses-permission android:name="android.permission.QUERY_ALL_PACKAGES" />
18-->src/main/AndroidManifest.xml:6:5-76
18-->src/main/AndroidManifest.xml:6:22-74
19    <uses-permission android:name="android.permission.FOREGROUND_SERVICE" />
19-->[:geolocator_android] AndroidManifest.xml:9:5-77
19-->[:geolocator_android] AndroidManifest.xml:9:22-74
20
21    <queries>
21-->[:upi_india] AndroidManifest.xml:9:5-15:15
22        <intent>
22-->[:upi_india] AndroidManifest.xml:10:9-14:18
23            <action android:name="android.intent.action.VIEW" />
23-->[:upi_india] AndroidManifest.xml:11:13-65
23-->[:upi_india] AndroidManifest.xml:11:21-62
24
25            <data android:scheme="upi" />
25-->[:upi_india] AndroidManifest.xml:13:13-42
25-->[:upi_india] AndroidManifest.xml:13:19-39
26        </intent>
27        <intent>
27-->[io.kommunicate.sdk:kommunicateui:2.6.8] AndroidManifest.xml:13:9-15:18
28            <action android:name="android.media.action.IMAGE_CAPTURE" />
28-->[io.kommunicate.sdk:kommunicateui:2.6.8] AndroidManifest.xml:14:13-73
28-->[io.kommunicate.sdk:kommunicateui:2.6.8] AndroidManifest.xml:14:21-70
29        </intent>
30        <intent>
30-->[io.kommunicate.sdk:kommunicateui:2.6.8] AndroidManifest.xml:18:9-20:18
31            <action android:name="android.speech.RecognitionService" />
31-->[io.kommunicate.sdk:kommunicateui:2.6.8] AndroidManifest.xml:19:13-72
31-->[io.kommunicate.sdk:kommunicateui:2.6.8] AndroidManifest.xml:19:21-69
32        </intent>
33    </queries>
34    <queries>
34-->[:upi_india] AndroidManifest.xml:9:5-15:15
35        <package android:name="com.lcode.allahabadupi" />
36        <package android:name="in.amazon.mShop.android.shopping" />
37        <package android:name="com.upi.axispay" />
38        <package android:name="com.bankofbaroda.upi" />
39        <package android:name="in.org.npci.upiapp" />
40        <package android:name="com.infra.boiupi" />
41        <package android:name="com.infrasofttech.centralbankupi" />
42        <package android:name="in.cointab.app" />
43        <package android:name="com.lcode.corpupi" />
44        <package android:name="com.lcode.csbupi" />
45        <package android:name="com.cub.wallet.gui" />
46        <package android:name="com.dbs.in.digitalbank" />
47        <package android:name="com.olive.dcb.upi" />
48        <package android:name="com.equitasbank.upi" />
49        <package android:name="com.finopaytech.bpayfino" />
50        <package android:name="com.freecharge.android" />
51        <package android:name="com.google.android.apps.nbu.paisa.user" />
52        <package android:name="com.mgs.hsbcupi" />
53        <package android:name="com.csam.icici.bank.imobile" />
54        <package android:name="com.mgs.induspsp" />
55        <package android:name="com.lcode.smartz" />
56        <package android:name="com.khaalijeb.inkdrops" />
57        <package android:name="com.msf.kbank.mobile" />
58        <package android:name="com.infrasofttech.mahaupi" />
59        <package android:name="com.mipay.in.wallet" />
60        <package android:name="com.mipay.wallet.in" />
61        <package android:name="com.mobikwik_new" />
62        <package android:name="com.mgs.obcbank" />
63        <package android:name="net.one97.paytm" />
64        <package android:name="com.idbibank.paywiz" />
65        <package android:name="com.enstage.wibmo.hdfc" />
66        <package android:name="com.phonepe.app" />
67        <package android:name="com.fss.pnbpsp" />
68        <package android:name="com.mobileware.upipsb" />
69        <package android:name="com.rblbank.upi" />
70        <package android:name="com.realmepay.payments" />
71        <package android:name="com.sbi.upi" />
72        <package android:name="com.truecaller" />
73        <package android:name="com.fss.unbipsp" />
74        <package android:name="com.fss.vijayapsp" />
75        <package android:name="com.YesBank" />
76    </queries>
77
78    <uses-permission android:name="android.permission.ACCESS_NETWORK_STATE" />
78-->[com.google.firebase:firebase-auth:21.3.0] AndroidManifest.xml:26:5-79
78-->[com.google.firebase:firebase-auth:21.3.0] AndroidManifest.xml:26:22-76
79
80    <uses-feature
80-->[com.google.android.gms:play-services-maps:17.0.0] AndroidManifest.xml:26:5-28:35
81        android:glEsVersion="0x00020000"
81-->[com.google.android.gms:play-services-maps:17.0.0] AndroidManifest.xml:27:9-41
82        android:required="true" />
82-->[com.google.android.gms:play-services-maps:17.0.0] AndroidManifest.xml:28:9-32
83
84    <uses-permission android:name="android.permission.POST_NOTIFICATIONS" />
84-->[com.google.firebase:firebase-messaging:23.1.2] AndroidManifest.xml:25:5-77
84-->[com.google.firebase:firebase-messaging:23.1.2] AndroidManifest.xml:25:22-74
85    <uses-permission android:name="android.permission.WAKE_LOCK" /> <!-- Required by older versions of Google Play services to create IID tokens -->
85-->[com.google.firebase:firebase-messaging:23.1.2] AndroidManifest.xml:26:5-68
85-->[com.google.firebase:firebase-messaging:23.1.2] AndroidManifest.xml:26:22-65
86    <uses-permission android:name="com.google.android.c2dm.permission.RECEIVE" /> <!-- Mandatory permissions -->
86-->[com.google.firebase:firebase-messaging:23.1.2] AndroidManifest.xml:28:5-82
86-->[com.google.firebase:firebase-messaging:23.1.2] AndroidManifest.xml:28:22-79
87    <uses-permission android:name="android.permission.VIBRATE" />
87-->[io.kommunicate.sdk:kommunicate:2.6.8] AndroidManifest.xml:13:5-15:30
87-->[io.kommunicate.sdk:kommunicate:2.6.8] AndroidManifest.xml:14:9-50
88    <uses-permission android:name="android.permission.RECEIVE_BOOT_COMPLETED" />
88-->[io.kommunicate.sdk:kommunicate:2.6.8] AndroidManifest.xml:22:5-24:30
88-->[io.kommunicate.sdk:kommunicate:2.6.8] AndroidManifest.xml:23:9-65
89
90    <permission
90-->[androidx.core:core:1.9.0] AndroidManifest.xml:22:5-24:47
91        android:name="com.shashi.homzy2.DYNAMIC_RECEIVER_NOT_EXPORTED_PERMISSION"
91-->[androidx.core:core:1.9.0] AndroidManifest.xml:23:9-81
92        android:protectionLevel="signature" />
92-->[androidx.core:core:1.9.0] AndroidManifest.xml:24:9-44
93
94    <uses-permission android:name="com.shashi.homzy2.DYNAMIC_RECEIVER_NOT_EXPORTED_PERMISSION" />
94-->[androidx.core:core:1.9.0] AndroidManifest.xml:26:5-97
94-->[androidx.core:core:1.9.0] AndroidManifest.xml:26:22-94
95
96    <application
97        android:name="android.app.Application"
98        android:allowBackup="true"
98-->[io.kommunicate.sdk:kommunicateui:2.6.8] AndroidManifest.xml:24:9-35
99        android:appComponentFactory="androidx.core.app.CoreComponentFactory"
99-->[androidx.core:core:1.9.0] AndroidManifest.xml:28:18-86
100        android:debuggable="true"
101        android:icon="@mipmap/ic_launcher"
102        android:label="homzy2"
103        android:supportsRtl="true" >
103-->[io.kommunicate.sdk:kommunicateui:2.6.8] AndroidManifest.xml:26:9-35
104        <activity
105            android:name="com.shashi.homzy2.MainActivity"
106            android:configChanges="orientation|keyboardHidden|keyboard|screenSize|smallestScreenSize|locale|layoutDirection|fontScale|screenLayout|density|uiMode"
107            android:exported="true"
108            android:hardwareAccelerated="true"
109            android:launchMode="singleTop"
110            android:theme="@style/LaunchTheme"
111            android:windowSoftInputMode="adjustResize" >
112
113            <!--
114                 Specifies an Android theme to apply to this Activity as soon as
115                 the Android process has started. This theme is visible to the user
116                 while the Flutter UI initializes. After that, this theme continues
117                 to determine the Window background behind the Flutter UI.
118            -->
119            <meta-data
120                android:name="io.flutter.embedding.android.NormalTheme"
121                android:resource="@style/NormalTheme" />
122
123            <intent-filter>
124                <action android:name="android.intent.action.MAIN" />
125
126                <category android:name="android.intent.category.LAUNCHER" />
127            </intent-filter>
128        </activity>
129        <!--
130             Don't delete the meta-data below.
131             This is used by the Flutter tool to generate GeneratedPluginRegistrant.java
132        -->
133        <meta-data
134            android:name="flutterEmbedding"
135            android:value="2" />
136
137        <service
137-->[:cloud_firestore] AndroidManifest.xml:10:9-14:19
138            android:name="com.google.firebase.components.ComponentDiscoveryService"
138-->[:cloud_firestore] AndroidManifest.xml:10:18-89
139            android:directBootAware="true"
139-->[com.google.firebase:firebase-common:20.3.2] AndroidManifest.xml:34:13-43
140            android:exported="false" >
140-->[com.google.firebase:firebase-auth:21.3.0] AndroidManifest.xml:68:13-37
141            <meta-data
141-->[:cloud_firestore] AndroidManifest.xml:11:13-13:85
142                android:name="com.google.firebase.components:io.flutter.plugins.firebase.firestore.FlutterFirebaseFirestoreRegistrar"
142-->[:cloud_firestore] AndroidManifest.xml:12:17-134
143                android:value="com.google.firebase.components.ComponentRegistrar" />
143-->[:cloud_firestore] AndroidManifest.xml:13:17-82
144            <meta-data
144-->[:firebase_auth] AndroidManifest.xml:11:13-13:85
145                android:name="com.google.firebase.components:io.flutter.plugins.firebase.auth.FlutterFirebaseAuthRegistrar"
145-->[:firebase_auth] AndroidManifest.xml:12:17-124
146                android:value="com.google.firebase.components.ComponentRegistrar" />
146-->[:firebase_auth] AndroidManifest.xml:13:17-82
147            <meta-data
147-->[:firebase_storage] AndroidManifest.xml:11:13-13:85
148                android:name="com.google.firebase.components:io.flutter.plugins.firebase.storage.FlutterFirebaseAppRegistrar"
148-->[:firebase_storage] AndroidManifest.xml:12:17-126
149                android:value="com.google.firebase.components.ComponentRegistrar" />
149-->[:firebase_storage] AndroidManifest.xml:13:17-82
150            <meta-data
150-->[:firebase_core] AndroidManifest.xml:11:13-13:85
151                android:name="com.google.firebase.components:io.flutter.plugins.firebase.core.FlutterFirebaseCoreRegistrar"
151-->[:firebase_core] AndroidManifest.xml:12:17-124
152                android:value="com.google.firebase.components.ComponentRegistrar" />
152-->[:firebase_core] AndroidManifest.xml:13:17-82
153            <meta-data
153-->[com.google.firebase:firebase-auth:21.3.0] AndroidManifest.xml:69:13-71:85
154                android:name="com.google.firebase.components:com.google.firebase.auth.FirebaseAuthRegistrar"
154-->[com.google.firebase:firebase-auth:21.3.0] AndroidManifest.xml:70:17-109
155                android:value="com.google.firebase.components.ComponentRegistrar" />
155-->[com.google.firebase:firebase-auth:21.3.0] AndroidManifest.xml:71:17-82
156            <meta-data
156-->[com.google.firebase:firebase-firestore:24.5.0] AndroidManifest.xml:19:13-21:85
157                android:name="com.google.firebase.components:com.google.firebase.firestore.FirestoreRegistrar"
157-->[com.google.firebase:firebase-firestore:24.5.0] AndroidManifest.xml:20:17-111
158                android:value="com.google.firebase.components.ComponentRegistrar" />
158-->[com.google.firebase:firebase-firestore:24.5.0] AndroidManifest.xml:21:17-82
159            <meta-data
159-->[com.google.firebase:firebase-storage:20.1.0] AndroidManifest.xml:32:13-34:85
160                android:name="com.google.firebase.components:com.google.firebase.storage.StorageRegistrar"
160-->[com.google.firebase:firebase-storage:20.1.0] AndroidManifest.xml:33:17-107
161                android:value="com.google.firebase.components.ComponentRegistrar" />
161-->[com.google.firebase:firebase-storage:20.1.0] AndroidManifest.xml:34:17-82
162            <meta-data
162-->[com.google.firebase:firebase-messaging:23.1.2] AndroidManifest.xml:55:13-57:85
163                android:name="com.google.firebase.components:com.google.firebase.messaging.FirebaseMessagingRegistrar"
163-->[com.google.firebase:firebase-messaging:23.1.2] AndroidManifest.xml:56:17-119
164                android:value="com.google.firebase.components.ComponentRegistrar" />
164-->[com.google.firebase:firebase-messaging:23.1.2] AndroidManifest.xml:57:17-82
165            <meta-data
165-->[com.google.firebase:firebase-datatransport:18.1.7] AndroidManifest.xml:27:13-29:85
166                android:name="com.google.firebase.components:com.google.firebase.datatransport.TransportRegistrar"
166-->[com.google.firebase:firebase-datatransport:18.1.7] AndroidManifest.xml:28:17-115
167                android:value="com.google.firebase.components.ComponentRegistrar" />
167-->[com.google.firebase:firebase-datatransport:18.1.7] AndroidManifest.xml:29:17-82
168            <meta-data
168-->[com.google.firebase:firebase-installations:17.1.3] AndroidManifest.xml:17:13-19:85
169                android:name="com.google.firebase.components:com.google.firebase.installations.FirebaseInstallationsRegistrar"
169-->[com.google.firebase:firebase-installations:17.1.3] AndroidManifest.xml:18:17-127
170                android:value="com.google.firebase.components.ComponentRegistrar" />
170-->[com.google.firebase:firebase-installations:17.1.3] AndroidManifest.xml:19:17-82
171        </service>
172        <service
172-->[:geolocator_android] AndroidManifest.xml:12:9-16:56
173            android:name="com.baseflow.geolocator.GeolocatorLocationService"
173-->[:geolocator_android] AndroidManifest.xml:13:13-77
174            android:enabled="true"
174-->[:geolocator_android] AndroidManifest.xml:14:13-35
175            android:exported="false"
175-->[:geolocator_android] AndroidManifest.xml:15:13-37
176            android:foregroundServiceType="location" />
176-->[:geolocator_android] AndroidManifest.xml:16:13-53
177
178        <provider
178-->[:image_picker_android] AndroidManifest.xml:10:9-18:20
179            android:name="io.flutter.plugins.imagepicker.ImagePickerFileProvider"
179-->[:image_picker_android] AndroidManifest.xml:11:13-82
180            android:authorities="com.shashi.homzy2.flutter.image_provider"
180-->[:image_picker_android] AndroidManifest.xml:12:13-74
181            android:exported="false"
181-->[:image_picker_android] AndroidManifest.xml:13:13-37
182            android:grantUriPermissions="true" >
182-->[:image_picker_android] AndroidManifest.xml:14:13-47
183            <meta-data
183-->[:image_picker_android] AndroidManifest.xml:15:13-17:75
184                android:name="android.support.FILE_PROVIDER_PATHS"
184-->[:image_picker_android] AndroidManifest.xml:16:17-67
185                android:resource="@xml/flutter_image_picker_file_paths" />
185-->[:image_picker_android] AndroidManifest.xml:17:17-72
186        </provider>
187
188        <activity
188-->[:url_launcher_android] AndroidManifest.xml:10:9-13:74
189            android:name="io.flutter.plugins.urllauncher.WebViewActivity"
189-->[:url_launcher_android] AndroidManifest.xml:11:13-74
190            android:exported="false"
190-->[:url_launcher_android] AndroidManifest.xml:12:13-37
191            android:theme="@android:style/Theme.NoTitleBar.Fullscreen" />
191-->[:url_launcher_android] AndroidManifest.xml:13:13-71
192        <activity
192-->[com.google.firebase:firebase-auth:21.3.0] AndroidManifest.xml:29:9-46:20
193            android:name="com.google.firebase.auth.internal.GenericIdpActivity"
193-->[com.google.firebase:firebase-auth:21.3.0] AndroidManifest.xml:30:13-80
194            android:excludeFromRecents="true"
194-->[com.google.firebase:firebase-auth:21.3.0] AndroidManifest.xml:31:13-46
195            android:exported="true"
195-->[com.google.firebase:firebase-auth:21.3.0] AndroidManifest.xml:32:13-36
196            android:launchMode="singleTask"
196-->[com.google.firebase:firebase-auth:21.3.0] AndroidManifest.xml:33:13-44
197            android:theme="@android:style/Theme.Translucent.NoTitleBar" >
197-->[com.google.firebase:firebase-auth:21.3.0] AndroidManifest.xml:34:13-72
198            <intent-filter>
198-->[com.google.firebase:firebase-auth:21.3.0] AndroidManifest.xml:35:13-45:29
199                <action android:name="android.intent.action.VIEW" />
199-->[:upi_india] AndroidManifest.xml:11:13-65
199-->[:upi_india] AndroidManifest.xml:11:21-62
200
201                <category android:name="android.intent.category.DEFAULT" />
201-->[com.google.firebase:firebase-auth:21.3.0] AndroidManifest.xml:38:17-76
201-->[com.google.firebase:firebase-auth:21.3.0] AndroidManifest.xml:38:27-73
202                <category android:name="android.intent.category.BROWSABLE" />
202-->[com.google.firebase:firebase-auth:21.3.0] AndroidManifest.xml:39:17-78
202-->[com.google.firebase:firebase-auth:21.3.0] AndroidManifest.xml:39:27-75
203
204                <data
204-->[:upi_india] AndroidManifest.xml:13:13-42
205                    android:host="firebase.auth"
206                    android:path="/"
207                    android:scheme="genericidp" />
207-->[:upi_india] AndroidManifest.xml:13:19-39
208            </intent-filter>
209        </activity>
210        <activity
210-->[com.google.firebase:firebase-auth:21.3.0] AndroidManifest.xml:47:9-64:20
211            android:name="com.google.firebase.auth.internal.RecaptchaActivity"
211-->[com.google.firebase:firebase-auth:21.3.0] AndroidManifest.xml:48:13-79
212            android:excludeFromRecents="true"
212-->[com.google.firebase:firebase-auth:21.3.0] AndroidManifest.xml:49:13-46
213            android:exported="true"
213-->[com.google.firebase:firebase-auth:21.3.0] AndroidManifest.xml:50:13-36
214            android:launchMode="singleTask"
214-->[com.google.firebase:firebase-auth:21.3.0] AndroidManifest.xml:51:13-44
215            android:theme="@android:style/Theme.Translucent.NoTitleBar" >
215-->[com.google.firebase:firebase-auth:21.3.0] AndroidManifest.xml:52:13-72
216            <intent-filter>
216-->[com.google.firebase:firebase-auth:21.3.0] AndroidManifest.xml:53:13-63:29
217                <action android:name="android.intent.action.VIEW" />
217-->[:upi_india] AndroidManifest.xml:11:13-65
217-->[:upi_india] AndroidManifest.xml:11:21-62
218
219                <category android:name="android.intent.category.DEFAULT" />
219-->[com.google.firebase:firebase-auth:21.3.0] AndroidManifest.xml:38:17-76
219-->[com.google.firebase:firebase-auth:21.3.0] AndroidManifest.xml:38:27-73
220                <category android:name="android.intent.category.BROWSABLE" />
220-->[com.google.firebase:firebase-auth:21.3.0] AndroidManifest.xml:39:17-78
220-->[com.google.firebase:firebase-auth:21.3.0] AndroidManifest.xml:39:27-75
221
222                <data
222-->[:upi_india] AndroidManifest.xml:13:13-42
223                    android:host="firebase.auth"
224                    android:path="/"
225                    android:scheme="recaptcha" />
225-->[:upi_india] AndroidManifest.xml:13:19-39
226            </intent-filter>
227        </activity>
228        <activity
228-->[com.google.android.gms:play-services-auth:20.4.0] AndroidManifest.xml:23:9-27:75
229            android:name="com.google.android.gms.auth.api.signin.internal.SignInHubActivity"
229-->[com.google.android.gms:play-services-auth:20.4.0] AndroidManifest.xml:24:13-93
230            android:excludeFromRecents="true"
230-->[com.google.android.gms:play-services-auth:20.4.0] AndroidManifest.xml:25:13-46
231            android:exported="false"
231-->[com.google.android.gms:play-services-auth:20.4.0] AndroidManifest.xml:26:13-37
232            android:theme="@android:style/Theme.Translucent.NoTitleBar" />
232-->[com.google.android.gms:play-services-auth:20.4.0] AndroidManifest.xml:27:13-72
233        <!--
234            Service handling Google Sign-In user revocation. For apps that do not integrate with
235            Google Sign-In, this service will never be started.
236        -->
237        <service
237-->[com.google.android.gms:play-services-auth:20.4.0] AndroidManifest.xml:33:9-37:51
238            android:name="com.google.android.gms.auth.api.signin.RevocationBoundService"
238-->[com.google.android.gms:play-services-auth:20.4.0] AndroidManifest.xml:34:13-89
239            android:exported="true"
239-->[com.google.android.gms:play-services-auth:20.4.0] AndroidManifest.xml:35:13-36
240            android:permission="com.google.android.gms.auth.api.signin.permission.REVOCATION_NOTIFICATION"
240-->[com.google.android.gms:play-services-auth:20.4.0] AndroidManifest.xml:36:13-107
241            android:visibleToInstantApps="true" />
241-->[com.google.android.gms:play-services-auth:20.4.0] AndroidManifest.xml:37:13-48
242
243        <provider
243-->[io.kommunicate.sdk:kommunicateui:2.6.8] AndroidManifest.xml:27:9-36:20
244            android:name="com.applozic.mobicomkit.uiwidgets.KmFileProvider"
244-->[io.kommunicate.sdk:kommunicateui:2.6.8] AndroidManifest.xml:28:13-76
245            android:authorities="com.shashi.homzy2.provider"
245-->[io.kommunicate.sdk:kommunicateui:2.6.8] AndroidManifest.xml:29:13-60
246            android:exported="false"
246-->[io.kommunicate.sdk:kommunicateui:2.6.8] AndroidManifest.xml:30:13-37
247            android:grantUriPermissions="true" >
247-->[io.kommunicate.sdk:kommunicateui:2.6.8] AndroidManifest.xml:31:13-47
248            <meta-data
248-->[:image_picker_android] AndroidManifest.xml:15:13-17:75
249                android:name="android.support.FILE_PROVIDER_PATHS"
249-->[:image_picker_android] AndroidManifest.xml:16:17-67
250                android:resource="@xml/km_provider_paths" />
250-->[:image_picker_android] AndroidManifest.xml:17:17-72
251        </provider>
252
253        <service
253-->[io.kommunicate.sdk:kommunicateui:2.6.8] AndroidManifest.xml:38:9-45:19
254            android:name="com.applozic.mobicomkit.uiwidgets.KmFirebaseMessagingService"
254-->[io.kommunicate.sdk:kommunicateui:2.6.8] AndroidManifest.xml:39:13-88
255            android:exported="true"
255-->[io.kommunicate.sdk:kommunicateui:2.6.8] AndroidManifest.xml:40:13-36
256            android:stopWithTask="false" >
256-->[io.kommunicate.sdk:kommunicateui:2.6.8] AndroidManifest.xml:41:13-41
257            <intent-filter>
257-->[io.kommunicate.sdk:kommunicateui:2.6.8] AndroidManifest.xml:42:13-44:29
258                <action android:name="com.google.firebase.MESSAGING_EVENT" />
258-->[io.kommunicate.sdk:kommunicateui:2.6.8] AndroidManifest.xml:43:17-78
258-->[io.kommunicate.sdk:kommunicateui:2.6.8] AndroidManifest.xml:43:25-75
259            </intent-filter>
260        </service>
261
262        <activity
262-->[io.kommunicate.sdk:kommunicateui:2.6.8] AndroidManifest.xml:47:9-53:34
263            android:name="com.applozic.mobicomkit.uiwidgets.conversation.activity.ConversationActivity"
263-->[io.kommunicate.sdk:kommunicateui:2.6.8] AndroidManifest.xml:48:13-104
264            android:configChanges="keyboardHidden|screenSize|locale|smallestScreenSize|screenLayout|orientation"
264-->[io.kommunicate.sdk:kommunicateui:2.6.8] AndroidManifest.xml:49:13-113
265            android:label="@string/app_name"
265-->[io.kommunicate.sdk:kommunicateui:2.6.8] AndroidManifest.xml:50:13-45
266            android:launchMode="singleTask"
266-->[io.kommunicate.sdk:kommunicateui:2.6.8] AndroidManifest.xml:51:13-44
267            android:theme="@style/ApplozicTheme" />
267-->[io.kommunicate.sdk:kommunicateui:2.6.8] AndroidManifest.xml:52:13-49
268        <activity
268-->[io.kommunicate.sdk:kommunicateui:2.6.8] AndroidManifest.xml:54:9-59:58
269            android:name="com.applozic.mobicomkit.uiwidgets.conversation.activity.MobicomLocationActivity"
269-->[io.kommunicate.sdk:kommunicateui:2.6.8] AndroidManifest.xml:55:13-107
270            android:configChanges="keyboardHidden|screenSize|smallestScreenSize|screenLayout|orientation"
270-->[io.kommunicate.sdk:kommunicateui:2.6.8] AndroidManifest.xml:56:13-106
271            android:parentActivityName="com.applozic.mobicomkit.uiwidgets.conversation.activity.ConversationActivity"
271-->[io.kommunicate.sdk:kommunicateui:2.6.8] AndroidManifest.xml:57:13-118
272            android:theme="@style/ApplozicTheme"
272-->[io.kommunicate.sdk:kommunicateui:2.6.8] AndroidManifest.xml:58:13-49
273            android:windowSoftInputMode="adjustResize" />
273-->[io.kommunicate.sdk:kommunicateui:2.6.8] AndroidManifest.xml:59:13-55
274        <activity
274-->[io.kommunicate.sdk:kommunicateui:2.6.8] AndroidManifest.xml:60:9-72:20
275            android:name="com.applozic.mobicomkit.uiwidgets.conversation.activity.FullScreenImageActivity"
275-->[io.kommunicate.sdk:kommunicateui:2.6.8] AndroidManifest.xml:61:13-107
276            android:configChanges="keyboardHidden|orientation|screenSize"
276-->[io.kommunicate.sdk:kommunicateui:2.6.8] AndroidManifest.xml:62:13-74
277            android:label="Image"
277-->[io.kommunicate.sdk:kommunicateui:2.6.8] AndroidManifest.xml:63:13-34
278            android:parentActivityName="com.applozic.mobicomkit.uiwidgets.conversation.activity.ConversationActivity"
278-->[io.kommunicate.sdk:kommunicateui:2.6.8] AndroidManifest.xml:64:13-118
279            android:theme="@style/Applozic_FullScreen_Theme" >
279-->[io.kommunicate.sdk:kommunicateui:2.6.8] AndroidManifest.xml:65:13-61
280
281            <!-- Parent activity meta-data to support API level 7+ -->
282            <meta-data
282-->[io.kommunicate.sdk:kommunicateui:2.6.8] AndroidManifest.xml:69:13-71:112
283                android:name="android.support.PARENT_ACTIVITY"
283-->[io.kommunicate.sdk:kommunicateui:2.6.8] AndroidManifest.xml:70:17-63
284                android:value="com.applozic.mobicomkit.uiwidgets.conversation.activity.ConversationActivity" />
284-->[io.kommunicate.sdk:kommunicateui:2.6.8] AndroidManifest.xml:71:17-109
285        </activity>
286        <activity
286-->[io.kommunicate.sdk:kommunicateui:2.6.8] AndroidManifest.xml:73:9-80:34
287            android:name="com.applozic.mobicomkit.uiwidgets.conversation.richmessaging.webview.KmWebViewActivity"
287-->[io.kommunicate.sdk:kommunicateui:2.6.8] AndroidManifest.xml:74:13-114
288            android:configChanges="keyboardHidden|orientation|screenSize"
288-->[io.kommunicate.sdk:kommunicateui:2.6.8] AndroidManifest.xml:75:13-74
289            android:label="Image"
289-->[io.kommunicate.sdk:kommunicateui:2.6.8] AndroidManifest.xml:76:13-34
290            android:launchMode="singleTop"
290-->[io.kommunicate.sdk:kommunicateui:2.6.8] AndroidManifest.xml:77:13-43
291            android:parentActivityName="com.applozic.mobicomkit.uiwidgets.conversation.activity.ConversationActivity"
291-->[io.kommunicate.sdk:kommunicateui:2.6.8] AndroidManifest.xml:78:13-118
292            android:theme="@style/ApplozicTheme" />
292-->[io.kommunicate.sdk:kommunicateui:2.6.8] AndroidManifest.xml:79:13-49
293        <activity
293-->[io.kommunicate.sdk:kommunicateui:2.6.8] AndroidManifest.xml:81:9-85:34
294            android:name="com.applozic.mobicomkit.uiwidgets.kommunicate.activities.LeadCollectionActivity"
294-->[io.kommunicate.sdk:kommunicateui:2.6.8] AndroidManifest.xml:82:13-107
295            android:configChanges="keyboardHidden|orientation|screenSize"
295-->[io.kommunicate.sdk:kommunicateui:2.6.8] AndroidManifest.xml:83:13-74
296            android:theme="@style/ApplozicTheme" />
296-->[io.kommunicate.sdk:kommunicateui:2.6.8] AndroidManifest.xml:84:13-49
297        <activity
297-->[io.kommunicate.sdk:kommunicateui:2.6.8] AndroidManifest.xml:86:9-96:20
298            android:name="com.applozic.mobicomkit.uiwidgets.conversation.activity.MobiComAttachmentSelectorActivity"
298-->[io.kommunicate.sdk:kommunicateui:2.6.8] AndroidManifest.xml:87:13-117
299            android:configChanges="keyboardHidden|screenSize|smallestScreenSize|screenLayout|orientation"
299-->[io.kommunicate.sdk:kommunicateui:2.6.8] AndroidManifest.xml:88:13-106
300            android:launchMode="singleTop"
300-->[io.kommunicate.sdk:kommunicateui:2.6.8] AndroidManifest.xml:89:13-43
301            android:parentActivityName="com.applozic.mobicomkit.uiwidgets.conversation.activity.ConversationActivity"
301-->[io.kommunicate.sdk:kommunicateui:2.6.8] AndroidManifest.xml:90:13-118
302            android:theme="@style/ApplozicTheme"
302-->[io.kommunicate.sdk:kommunicateui:2.6.8] AndroidManifest.xml:91:13-49
303            android:windowSoftInputMode="stateHidden|adjustResize" >
303-->[io.kommunicate.sdk:kommunicateui:2.6.8] AndroidManifest.xml:92:13-67
304            <meta-data
304-->[io.kommunicate.sdk:kommunicateui:2.6.8] AndroidManifest.xml:69:13-71:112
305                android:name="android.support.PARENT_ACTIVITY"
305-->[io.kommunicate.sdk:kommunicateui:2.6.8] AndroidManifest.xml:70:17-63